W0611 00:18:58.552000 134908333560960 torch/distributed/run.py:757] 
W0611 00:18:58.552000 134908333560960 torch/distributed/run.py:757] *****************************************
W0611 00:18:58.552000 134908333560960 torch/distributed/run.py:757] Setting OMP_NUM_THREADS environment variable for each process to be 1 in default, to avoid your system being overloaded, please further tune the variable for optimal performance in your application as needed. 
W0611 00:18:58.552000 134908333560960 torch/distributed/run.py:757] *****************************************
[INFO] Created SummaryWriter, saving to: runs/2024-06-11/Run_4/vit_small_patch14_reg4_dinov2/lr-8.0e-05_epoch-100_batch-24_light_dataset...[INFO] Created SummaryWriter, saving to: runs/2024-06-11/Run_4/vit_small_patch14_reg4_dinov2/lr-8.0e-05_epoch-100_batch-24_light_dataset...

[GPU0] Epoch 0 | Batchsize: 16 | Steps: 3974 | Time: 2024-06-11 00:19:03.298622
[GPU1] Epoch 0 | Batchsize: 16 | Steps: 3974 | Time: 2024-06-11 00:19:03.311184
W0611 00:19:33.757000 134908333560960 torch/distributed/elastic/agent/server/api.py:741] Received Signals.SIGHUP death signal, shutting down workers
W0611 00:19:33.757000 134908333560960 torch/distributed/elastic/multiprocessing/api.py:851] Sending process 72793 closing signal SIGHUP
W0611 00:19:33.757000 134908333560960 torch/distributed/elastic/multiprocessing/api.py:851] Sending process 72794 closing signal SIGHUP
Traceback (most recent call last):
  File "/home/jclerc/venv/bin/torchrun", line 8, in <module>
    sys.exit(main())
  File "/home/jclerc/venv/lib/python3.10/site-packages/torch/distributed/elastic/multiprocessing/errors/__init__.py", line 347, in wrapper
    return f(*args, **kwargs)
  File "/home/jclerc/venv/lib/python3.10/site-packages/torch/distributed/run.py", line 879, in main
    run(args)
  File "/home/jclerc/venv/lib/python3.10/site-packages/torch/distributed/run.py", line 870, in run
    elastic_launch(
  File "/home/jclerc/venv/lib/python3.10/site-packages/torch/distributed/launcher/api.py", line 132, in __call__
    return launch_agent(self._config, self._entrypoint, list(args))
  File "/home/jclerc/venv/lib/python3.10/site-packages/torch/distributed/launcher/api.py", line 254, in launch_agent
    result = agent.run()
  File "/home/jclerc/venv/lib/python3.10/site-packages/torch/distributed/elastic/metrics/api.py", line 123, in wrapper
    result = f(*args, **kwargs)
  File "/home/jclerc/venv/lib/python3.10/site-packages/torch/distributed/elastic/agent/server/api.py", line 733, in run
    result = self._invoke_run(role)
  File "/home/jclerc/venv/lib/python3.10/site-packages/torch/distributed/elastic/agent/server/api.py", line 876, in _invoke_run
    time.sleep(monitor_interval)
  File "/home/jclerc/venv/lib/python3.10/site-packages/torch/distributed/elastic/multiprocessing/api.py", line 76, in _terminate_process_handler
    raise SignalException(f"Process {os.getpid()} got signal: {sigval}", sigval=sigval)
torch.distributed.elastic.multiprocessing.api.SignalException: Process 72617 got signal: 1
